{
  message: 'database connected',
  level: 'info',
  service: 'employee-service',
  label: 'HI',
  timestamp: '2025-01-23T20:00:35.385Z'
}
{
  message: 'Application listening on port 4000',
  level: 'info',
  service: 'employee-service',
  label: 'HI',
  timestamp: '2025-01-23T20:00:35.396Z'
}
{
  message: 'database connected',
  level: 'info',
  service: 'employee-service',
  label: 'HI',
  timestamp: '2025-01-23T20:00:43.568Z'
}
{
  message: 'Application listening on port 4000',
  level: 'info',
  service: 'employee-service',
  label: 'HI',
  timestamp: '2025-01-23T20:00:43.577Z'
}
{
  message: 'database connected',
  level: 'info',
  service: 'employee-service',
  label: 'HI',
  timestamp: '2025-01-23T20:06:47.117Z'
}
{
  message: 'Application listening on port 4000',
  level: 'info',
  service: 'employee-service',
  label: 'HI',
  timestamp: '2025-01-23T20:06:47.134Z'
}
{
  message: 'database connected',
  level: 'info',
  service: 'employee-service',
  label: 'HI',
  timestamp: '2025-01-23T20:07:02.615Z'
}
{
  message: 'Application listening on port 4000',
  level: 'info',
  service: 'employee-service',
  label: 'HI',
  timestamp: '2025-01-23T20:07:02.624Z'
}
{
  message: 'database connected',
  level: 'info',
  service: 'employee-service',
  label: 'HI',
  timestamp: '2025-01-23T20:07:10.513Z'
}
{
  message: 'Application listening on port 4000',
  level: 'info',
  service: 'employee-service',
  label: 'HI',
  timestamp: '2025-01-23T20:07:10.530Z'
}
{
  message: 'database connected',
  level: 'info',
  service: 'employee-service',
  label: 'HI',
  timestamp: '2025-01-23T20:11:24.763Z'
}
{
  message: 'Application listening on port 4000',
  level: 'info',
  service: 'employee-service',
  label: 'HI',
  timestamp: '2025-01-23T20:11:24.775Z'
}
{
  message: 'database connected',
  level: 'info',
  service: 'employee-service',
  label: 'HI',
  timestamp: '2025-01-23T20:11:36.230Z'
}
{
  message: 'Application listening on port 4000',
  level: 'info',
  service: 'employee-service',
  label: 'HI',
  timestamp: '2025-01-23T20:11:36.248Z'
}
{
  message: 'database connected',
  level: 'info',
  service: 'employee-service',
  label: 'HI',
  timestamp: '2025-01-23T20:14:57.333Z'
}
{
  message: 'Application listening on port 4000',
  level: 'info',
  service: 'employee-service',
  label: 'HI',
  timestamp: '2025-01-23T20:14:57.354Z'
}
{
  message: 'database connected',
  level: 'info',
  service: 'employee-service',
  label: 'HI',
  timestamp: '2025-01-23T20:15:13.198Z'
}
{
  message: 'Application listening on port 4000',
  level: 'info',
  service: 'employee-service',
  label: 'HI',
  timestamp: '2025-01-23T20:15:13.218Z'
}
{
  message: 'database connected',
  level: 'info',
  service: 'employee-service',
  label: 'HI',
  timestamp: '2025-01-23T20:15:18.242Z'
}
{
  message: 'Application listening on port 4000',
  level: 'info',
  service: 'employee-service',
  label: 'HI',
  timestamp: '2025-01-23T20:15:18.259Z'
}
{
  message: 'database connected',
  level: 'info',
  service: 'employee-service',
  label: 'HI',
  timestamp: '2025-01-23T20:15:28.990Z'
}
{
  message: 'Application listening on port 4000',
  level: 'info',
  service: 'employee-service',
  label: 'HI',
  timestamp: '2025-01-23T20:15:29.010Z'
}
{
  message: 'database connected',
  level: 'info',
  service: 'employee-service',
  label: 'HI',
  timestamp: '2025-01-23T20:15:35.922Z'
}
{
  message: 'Application listening on port 4000',
  level: 'info',
  service: 'employee-service',
  label: 'HI',
  timestamp: '2025-01-23T20:15:35.932Z'
}
{
  message: 'database connected',
  level: 'info',
  service: 'employee-service',
  label: 'HI',
  timestamp: '2025-01-23T20:15:50.666Z'
}
{
  message: 'Application listening on port 4000',
  level: 'info',
  service: 'employee-service',
  label: 'HI',
  timestamp: '2025-01-23T20:15:50.680Z'
}
{
  message: 'database connected',
  level: 'info',
  service: 'employee-service',
  label: 'HI',
  timestamp: '2025-01-23T20:15:59.264Z'
}
{
  message: 'Application listening on port 4000',
  level: 'info',
  service: 'employee-service',
  label: 'HI',
  timestamp: '2025-01-23T20:15:59.284Z'
}
{
  message: 'database connected',
  level: 'info',
  service: 'employee-service',
  label: 'HI',
  timestamp: '2025-01-23T20:16:07.161Z'
}
{
  message: 'Application listening on port 4000',
  level: 'info',
  service: 'employee-service',
  label: 'HI',
  timestamp: '2025-01-23T20:16:07.169Z'
}
{
  message: 'database connected',
  level: 'info',
  service: 'employee-service',
  label: 'HI',
  timestamp: '2025-01-23T20:16:11.706Z'
}
{
  message: 'Application listening on port 4000',
  level: 'info',
  service: 'employee-service',
  label: 'HI',
  timestamp: '2025-01-23T20:16:11.717Z'
}
{
  message: 'database connected',
  level: 'info',
  service: 'employee-service',
  label: 'HI',
  timestamp: '2025-01-23T20:16:17.905Z'
}
{
  message: 'Application listening on port 4000',
  level: 'info',
  service: 'employee-service',
  label: 'HI',
  timestamp: '2025-01-23T20:16:17.921Z'
}
{
  message: 'database connected',
  level: 'info',
  service: 'employee-service',
  label: 'HI',
  timestamp: '2025-01-23T20:16:30.819Z'
}
{
  message: 'Application listening on port 4000',
  level: 'info',
  service: 'employee-service',
  label: 'HI',
  timestamp: '2025-01-23T20:16:30.841Z'
}
{
  message: 'database connected',
  level: 'info',
  service: 'employee-service',
  label: 'HI',
  timestamp: '2025-01-23T20:16:55.799Z'
}
{
  message: 'Application listening on port 4000',
  level: 'info',
  service: 'employee-service',
  label: 'HI',
  timestamp: '2025-01-23T20:16:55.819Z'
}
{
  message: 'database connected',
  level: 'info',
  service: 'employee-service',
  label: 'HI',
  timestamp: '2025-01-23T20:17:08.925Z'
}
{
  message: 'Application listening on port 4000',
  level: 'info',
  service: 'employee-service',
  label: 'HI',
  timestamp: '2025-01-23T20:17:08.945Z'
}
{
  message: 'database connected',
  level: 'info',
  service: 'employee-service',
  label: 'HI',
  timestamp: '2025-01-23T20:17:16.806Z'
}
{
  message: 'Application listening on port 4000',
  level: 'info',
  service: 'employee-service',
  label: 'HI',
  timestamp: '2025-01-23T20:17:16.823Z'
}
